<?xml version="1.0" encoding="UTF-8"?>
<!-- Generated by org.testng.reporters.JUnitReportReporter -->
<testsuite hostname="DESKTOP-AFMG1R7" failures="0" tests="2" name="Implementation.TestCase3" time="0.665" errors="0" timestamp="2020-11-16T23:56:26 EST" skipped="0">
  <testcase classname="Implementation.TestCase3" name="AequilibriumTC3" time="0.227"/>
  <system-out>
Invalid credentials did not work  </system-out>
  <testcase classname="Implementation.TestCase3" name="AequilibriumTC3" time="0.438"/>
  <system-out>
Invalid credentials did not work  </system-out>
</testsuite> <!-- Implementation.TestCase3 -->
