<?xml version="1.0" encoding="UTF-8"?>
<!-- Generated by org.testng.reporters.JUnitReportReporter -->
<testsuite hostname="OdySol-DTP-027" name="Implementation.CDORTest" tests="1" failures="0" timestamp="15 Dec 2017 07:46:51 GMT" time="331.483" errors="0">
  <testcase name="CDOR_data" time="331.483" classname="Implementation.CDORTest"/>
</testsuite> <!-- Implementation.CDORTest -->
