<?xml version="1.0" encoding="UTF-8"?>
<!-- Generated by org.testng.reporters.JUnitReportReporter -->
<testsuite hostname="OdySol-DTP-027" name="Implementation.CruiseQuickTest" tests="1" failures="0" timestamp="13 Dec 2017 07:41:37 GMT" time="250.881" errors="0">
  <testcase name="CruiseQuick_data" time="250.881" classname="Implementation.CruiseQuickTest"/>
</testsuite> <!-- Implementation.CruiseQuickTest -->
