<?xml version="1.0" encoding="UTF-8"?>
<!-- Generated by org.testng.reporters.JUnitReportReporter -->
<testsuite hostname="OdySol-DTP-027" name="Implementation.ServerTest" tests="1" failures="0" timestamp="12 Dec 2017 10:43:29 GMT" time="15.540" errors="0">
  <testcase name="testEasy" time="15.540" classname="Implementation.ServerTest"/>
</testsuite> <!-- Implementation.ServerTest -->
