<?xml version="1.0" encoding="UTF-8"?>
<!-- Generated by org.testng.reporters.JUnitReportReporter -->
<testsuite hostname="OdySol-DTP-027" name="Implementation.DLCPackageTwoTest" tests="1" failures="0" timestamp="15 Dec 2017 06:58:13 GMT" time="224.672" errors="0">
  <testcase name="DLC_data" time="224.672" classname="Implementation.DLCPackageTwoTest"/>
</testsuite> <!-- Implementation.DLCPackageTwoTest -->
