<?xml version="1.0" encoding="UTF-8"?>
<!-- Generated by org.testng.reporters.JUnitReportReporter -->
<testsuite hostname="OdySol-DTP-027" name="Implementation.ADCRCCLTest" tests="1" failures="0" timestamp="13 Dec 2017 07:41:36 GMT" time="244.025" errors="0">
  <testcase name="ADCRCCL_data" time="244.025" classname="Implementation.ADCRCCLTest"/>
</testsuite> <!-- Implementation.ADCRCCLTest -->
