<?xml version="1.0" encoding="UTF-8"?>
<!-- Generated by org.testng.reporters.JUnitReportReporter -->
<testsuite hostname="OdySol-DTP-027" name="Implementation.testt" tests="1" failures="0" timestamp="15 Nov 2017 13:44:39 GMT" time="188.128" errors="0">
  <testcase name="Fregeek_Data" time="188.128" classname="Implementation.testt"/>
</testsuite> <!-- Implementation.testt -->
