<?xml version="1.0" encoding="UTF-8"?>
<!-- Generated by org.testng.reporters.JUnitReportReporter -->
<testsuite hostname="DESKTOP-AFMG1R7" failures="0" tests="1" name="Implementation.AequilibriumTest1" time="0.073" errors="0" timestamp="2020-11-16T20:35:29 EST" skipped="0">
  <testcase classname="Implementation.AequilibriumTest1" name="AequilibriumChallenge" time="0.073"/>
  <system-out/>
</testsuite> <!-- Implementation.AequilibriumTest1 -->
