<?xml version="1.0" encoding="UTF-8"?>
<!-- Generated by org.testng.reporters.JUnitReportReporter -->
<testsuite hostname="DESKTOP-AFMG1R7" failures="0" tests="1" name="Implementation.RBCTest" time="0.003" errors="0" timestamp="2020-11-16T00:18:28 EST" skipped="0">
  <testcase classname="Implementation.RBCTest" name="RBCChallenge" time="0.003"/>
  <system-out/>
</testsuite> <!-- Implementation.RBCTest -->
