<?xml version="1.0" encoding="UTF-8"?>
<!-- Generated by org.testng.reporters.JUnitReportReporter -->
<testsuite hostname="DESKTOP-AFMG1R7" failures="0" tests="2" name="Implementation.TestCase5" time="0.074" errors="0" timestamp="2020-11-16T23:56:26 EST" skipped="0">
  <testcase classname="Implementation.TestCase5" name="AequilibriumTC5" time="0.031"/>
  <system-out>
Username Placeholder is correct Password Placeholder is correct  </system-out>
  <testcase classname="Implementation.TestCase5" name="AequilibriumTC5" time="0.043"/>
  <system-out>
Username Placeholder is correct Password Placeholder is correct  </system-out>
</testsuite> <!-- Implementation.TestCase5 -->
