<?xml version="1.0" encoding="UTF-8"?>
<!-- Generated by org.testng.reporters.JUnitReportReporter -->
<testsuite hostname="OdySol-DTP-027" name="Implementation.CDNFaredepotTest" tests="1" failures="0" timestamp="6 Jul 2017 11:27:52 GMT" time="371.865" errors="0">
  <testcase name="Faredepot_data" time="371.865" classname="Implementation.CDNFaredepotTest"/>
</testsuite> <!-- Implementation.CDNFaredepotTest -->
