<?xml version="1.0" encoding="UTF-8"?>
<!-- Generated by org.testng.reporters.JUnitReportReporter -->
<testsuite hostname="OdySol-DTP-027" name="Implementation.DLCTest" tests="1" failures="0" timestamp="15 Dec 2017 06:22:04 GMT" time="245.096" errors="0">
  <testcase name="DLC_data" time="245.096" classname="Implementation.DLCTest"/>
</testsuite> <!-- Implementation.DLCTest -->
