<?xml version="1.0" encoding="UTF-8"?>
<!-- Generated by org.testng.reporters.JUnitReportReporter -->
<testsuite hostname="DESKTOP-AFMG1R7" failures="0" tests="2" name="Implementation.TestCase1" time="0.187" errors="0" timestamp="2020-11-16T23:56:26 EST" skipped="0">
  <testcase classname="Implementation.TestCase1" name="AequilibriumTC1" time="0.078"/>
  <system-out>
Username field has displayed Password field has displayed Login button has displayed  </system-out>
  <testcase classname="Implementation.TestCase1" name="AequilibriumTC1" time="0.109"/>
  <system-out>
Username field has displayed Password field has displayed Login button has displayed  </system-out>
</testsuite> <!-- Implementation.TestCase1 -->
