<?xml version="1.0" encoding="UTF-8"?>
<!-- Generated by org.testng.reporters.JUnitReportReporter -->
<testsuite hostname="OdySol-DTP-027" name="Implementation.CDNFaregeekTest" tests="1" failures="0" timestamp="30 Oct 2017 15:17:32 GMT" time="79.943" errors="0">
  <testcase name="Fregeek_Data" time="79.943" classname="Implementation.CDNFaregeekTest"/>
</testsuite> <!-- Implementation.CDNFaregeekTest -->
