<?xml version="1.0" encoding="UTF-8"?>
<!-- Generated by org.testng.reporters.JUnitReportReporter -->
<testsuite hostname="OdySol-DTP-027" name="Implementation.FaregeekTest" tests="1" failures="0" timestamp="13 Dec 2017 07:05:16 GMT" time="248.703" errors="0">
  <testcase name="Fregeek_Data" time="248.703" classname="Implementation.FaregeekTest"/>
</testsuite> <!-- Implementation.FaregeekTest -->
