<?xml version="1.0" encoding="UTF-8"?>
<!-- Generated by org.testng.reporters.JUnitReportReporter -->
<testsuite hostname="OdySol-DTP-027" name="Implementation.DLCPackageOneTest" tests="1" failures="0" timestamp="15 Dec 2017 06:49:31 GMT" time="238.353" errors="0">
  <testcase name="DLC_data" time="238.353" classname="Implementation.DLCPackageOneTest"/>
</testsuite> <!-- Implementation.DLCPackageOneTest -->
