<?xml version="1.0" encoding="UTF-8"?>
<!-- Generated by org.testng.reporters.JUnitReportReporter -->
<testsuite hostname="OdySol-DTP-027" name="Implementation.GalenTest" tests="1" failures="0" timestamp="27 Jul 2017 13:52:43 GMT" time="0.007" errors="0">
  <testcase name="f" time="0.007" classname="Implementation.GalenTest"/>
</testsuite> <!-- Implementation.GalenTest -->
