<?xml version="1.0" encoding="UTF-8"?>
<!-- Generated by org.testng.reporters.JUnitReportReporter -->
<testsuite hostname="OdySol-DTP-027" name="Implementation.iCruiseTest" tests="1" failures="0" timestamp="14 Dec 2017 07:42:55 GMT" time="265.019" errors="0">
  <testcase name="iCruise_data" time="265.019" classname="Implementation.iCruiseTest"/>
</testsuite> <!-- Implementation.iCruiseTest -->
