<?xml version="1.0" encoding="UTF-8"?>
<!-- Generated by org.testng.reporters.JUnitReportReporter -->
<testsuite hostname="OdySol-DTP-027" name="Implementation.OdysolHotelBookingTest" tests="1" failures="0" timestamp="11 Oct 2017 10:41:31 GMT" time="183.862" errors="0">
  <testcase name="HotelBooking_data" time="183.862" classname="Implementation.OdysolHotelBookingTest"/>
</testsuite> <!-- Implementation.OdysolHotelBookingTest -->
