<?xml version="1.0" encoding="UTF-8"?>
<!-- Generated by org.testng.reporters.JUnitReportReporter -->
<testsuite hostname="OdySol-DTP-027" name="Implementation.VivaVoyageCustomerBookingTest" tests="1" failures="0" timestamp="15 Dec 2017 08:05:27 GMT" time="25.437" errors="0">
  <testcase name="Vivavoyage_data" time="25.437" classname="Implementation.VivaVoyageCustomerBookingTest"/>
</testsuite> <!-- Implementation.VivaVoyageCustomerBookingTest -->
