<?xml version="1.0" encoding="UTF-8"?>
<!-- Generated by org.testng.reporters.JUnitReportReporter -->
<testsuite hostname="OdySol-DTP-027" name="Implementation.CruiseBookingTest" tests="1" failures="0" timestamp="15 Feb 2017 11:41:55 GMT" time="240.407" errors="0">
  <testcase name="SearchCruise_data" time="240.407" classname="Implementation.CruiseBookingTest"/>
</testsuite> <!-- Implementation.CruiseBookingTest -->
