<?xml version="1.0" encoding="UTF-8"?>
<!-- Generated by org.testng.reporters.JUnitReportReporter -->
<testsuite hostname="OdySol-DTP-027" name="Implementation.EarlTicketTest" tests="1" failures="0" timestamp="27 Sep 2017 13:48:33 GMT" time="245.136" errors="0">
  <testcase name="HeldBooking_data" time="245.136" classname="Implementation.EarlTicketTest"/>
</testsuite> <!-- Implementation.EarlTicketTest -->
