<?xml version="1.0" encoding="UTF-8"?>
<!-- Generated by org.testng.reporters.JUnitReportReporter -->
<testsuite hostname="OdySol-DTP-027" name="Implementation.Click2CruiseTest" tests="1" failures="0" timestamp="14 Dec 2017 07:58:41 GMT" time="234.768" errors="0">
  <testcase name="Click2Cruise_data" time="234.768" classname="Implementation.Click2CruiseTest"/>
</testsuite> <!-- Implementation.Click2CruiseTest -->
