<?xml version="1.0" encoding="UTF-8"?>
<!-- Generated by org.testng.reporters.JUnitReportReporter -->
<testsuite hostname="OdySol-DTP-027" name="Implementation.LoginTest" tests="1" failures="0" timestamp="29 Nov 2017 08:47:47 GMT" time="5.376" errors="0">
  <testcase name="login_data" time="5.376" classname="Implementation.LoginTest"/>
</testsuite> <!-- Implementation.LoginTest -->
