<?xml version="1.0" encoding="UTF-8"?>
<!-- Generated by org.testng.reporters.JUnitReportReporter -->
<testsuite hostname="DESKTOP-AFMG1R7" failures="0" tests="2" name="Implementation.TestCase4" time="0.959" errors="0" timestamp="2020-11-16T23:56:26 EST" skipped="0">
  <testcase classname="Implementation.TestCase4" name="AequilibriumTC4" time="0.832"/>
  <system-out>
Login is successful  </system-out>
  <testcase classname="Implementation.TestCase4" name="AequilibriumTC4" time="0.127"/>
  <system-out>
Login is unsuccessful  </system-out>
</testsuite> <!-- Implementation.TestCase4 -->
