<?xml version="1.0" encoding="UTF-8"?>
<!-- Generated by org.testng.reporters.JUnitReportReporter -->
<testsuite hostname="OdySol-DTP-027" name="Implementation.FaredepotTest" tests="1" failures="0" timestamp="15 Dec 2017 07:04:55 GMT" time="284.959" errors="0">
  <testcase name="Faredepot_data" time="284.959" classname="Implementation.FaredepotTest"/>
</testsuite> <!-- Implementation.FaredepotTest -->
