<?xml version="1.0" encoding="UTF-8"?>
<!-- Generated by org.testng.reporters.JUnitReportReporter -->
<testsuite hostname="OdySol-DTP-027" name="Implementation.ADCMSCTest" tests="1" failures="0" timestamp="15 Dec 2017 08:00:09 GMT" time="271.190" errors="0">
  <testcase name="ADCMSC_data" time="271.190" classname="Implementation.ADCMSCTest"/>
</testsuite> <!-- Implementation.ADCMSCTest -->
